
Showing logs for build [32mcb-kubecd-environment-pr-183-5-jghn2-1[0m stage [32mfrom-build-pack[0m and container [32mstep-credential-initializer-4c474[0m
{"level":"warn","ts":1584380917.2451174,"logger":"fallback-logger","caller":"logging/config.go:69","msg":"Fetch GitHub commit ID from kodata failed: \"ref: refs/heads/0.8.0-**-support-backwards-incompats\" is not a valid GitHub commit ID"}
{"level":"info","ts":1584380917.246035,"logger":"fallback-logger","caller":"creds-init/main.go:40","msg":"Credentials initialized."}

Showing logs for build [32mcb-kubecd-environment-pr-183-5-jghn2-1[0m stage [32mfrom-build-pack[0m and container [32mstep-working-dir-initializer-7rd7x[0m
{"level":"warn","ts":1584380917.7724707,"logger":"fallback-logger","caller":"logging/config.go:69","msg":"Fetch GitHub commit ID from kodata failed: open /var/run/ko/HEAD: no such file or directory"}
{"level":"info","ts":1584380917.7740982,"logger":"fallback-logger","caller":"bash/main.go:64","msg":"Successfully executed command \"sh -c mkdir -p /workspace/source\"; output "}

Showing logs for build [32mcb-kubecd-environment-pr-183-5-jghn2-1[0m stage [32mfrom-build-pack[0m and container [32mstep-place-tools[0m

Showing logs for build [32mcb-kubecd-environment-pr-183-5-jghn2-1[0m stage [32mfrom-build-pack[0m and container [32mstep-git-source-cb-kubecd-environment-pr-183-5-jghn2-nbh4q[0m
{"level":"warn","ts":1584380923.0023465,"logger":"fallback-logger","caller":"logging/config.go:69","msg":"Fetch GitHub commit ID from kodata failed: \"ref: refs/heads/0.8.0-**-support-backwards-incompats\" is not a valid GitHub commit ID"}
{"level":"info","ts":1584380924.0810826,"logger":"fallback-logger","caller":"git/git.go:103","msg":"Successfully cloned https://github.com/cb-kubecd/environment-pr-183-5-boot-gke-staging.git @ master in path /workspace/source"}

Showing logs for build [32mcb-kubecd-environment-pr-183-5-jghn2-1[0m stage [32mfrom-build-pack[0m and container [32mstep-git-merge[0m
Using SHAs from PULL_REFS=master:cd7032b8a75235f1dcd198e11020581132737529,8:7be9ce729fe44f760da6ab2c1f0a105290f6cbe8
DEBUG: JX_LOG_LEVEL=error LC_ALL=C git fetch origin --unshallow 7be9ce729fe44f760da6ab2c1f0a105290f6cbe8: cd7032b8a75235f1dcd198e11020581132737529:
DEBUG: ran git fetch --unshallow origin 7be9ce729fe44f760da6ab2c1f0a105290f6cbe8: cd7032b8a75235f1dcd198e11020581132737529: in 
DEBUG: LC_ALL=C JX_LOG_LEVEL=error git branch
DEBUG: LC_ALL=C JX_LOG_LEVEL=error git checkout master
DEBUG: ran git checkout master in 
DEBUG: LC_ALL=C JX_LOG_LEVEL=error git reset --hard cd7032b8a75235f1dcd198e11020581132737529
DEBUG: ran git reset --hard cd7032b8a75235f1dcd198e11020581132737529 in 
DEBUG: LC_ALL=C JX_LOG_LEVEL=error git clean -fd .
DEBUG: ran clean --force -d . in 
DEBUG: LC_ALL=C JX_LOG_LEVEL=error git merge 7be9ce729fe44f760da6ab2c1f0a105290f6cbe8
DEBUG: ran git merge 7be9ce729fe44f760da6ab2c1f0a105290f6cbe8 in 
DEBUG: LC_ALL=C JX_LOG_LEVEL=error git log --format=%H%x1f%an%x1f%ae%x1f%cn%x1f%ce%x1f%s%n%b%x1e cd7032b8a75235f1dcd198e11020581132737529..HEAD
Merged SHA 7be9ce729fe44f760da6ab2c1f0a105290f6cbe8 with commit message 'chore: Promote bdd-ghf**y-import-1584379089 to version 0.0.1' into base branch master

Showing logs for build [32mcb-kubecd-environment-pr-183-5-jghn2-1[0m stage [32mfrom-build-pack[0m and container [32mstep-build-helm-build[0m
WARNING: No $CHART_REPOSITORY defined so using the default value of: http://jenkins-x-chartmuseum:8080
Adding missing Helm repo: storage.googleapis.com https://storage.googleapis.com/chartmuseum.jenkins-x.io
WARNING: No secrets found on "helm/repos" due: reading the secret "helm/repos" from vault: no secret "helm/repos" not found in vault
Read credentials for https://storage.googleapis.com/chartmuseum.jenkins-x.io from vault helm/repos
Successfully added Helm repository storage.googleapis.com.
Adding missing Helm repo: jenkins-x-chartmuseum http://jenkins-x-chartmuseum:8080
WARNING: No secrets found on "helm/repos" due: reading the secret "helm/repos" from vault: no secret "helm/repos" not found in vault
Read credentials for http://jenkins-x-chartmuseum:8080 from vault helm/repos
Successfully added Helm repository jenkins-x-chartmuseum.
WARNING: No $CHART_REPOSITORY defined so using the default value of: http://jenkins-x-chartmuseum:8080
Adding missing Helm repo: chartmuseum.jenkins-x.io http://chartmuseum.jenkins-x.io
WARNING: No secrets found on "helm/repos" due: reading the secret "helm/repos" from vault: no secret "helm/repos" not found in vault
Read credentials for http://chartmuseum.jenkins-x.io from vault helm/repos
Successfully added Helm repository chartmuseum.jenkins-x.io.
