
Showing logs for build [32mcb-kubecd-environment-pr-183-5-z75sb-1[0m stage [32mfrom-build-pack[0m and container [32mstep-credential-initializer-m9n6t[0m
{"level":"warn","ts":1584376214.7098217,"logger":"fallback-logger","caller":"logging/config.go:69","msg":"Fetch GitHub commit ID from kodata failed: \"ref: refs/heads/0.8.0-**-support-backwards-incompats\" is not a valid GitHub commit ID"}
{"level":"info","ts":1584376214.7103274,"logger":"fallback-logger","caller":"creds-init/main.go:40","msg":"Credentials initialized."}

Showing logs for build [32mcb-kubecd-environment-pr-183-5-z75sb-1[0m stage [32mfrom-build-pack[0m and container [32mstep-working-dir-initializer-74nm5[0m
{"level":"warn","ts":1584376216.5167074,"logger":"fallback-logger","caller":"logging/config.go:69","msg":"Fetch GitHub commit ID from kodata failed: open /var/run/ko/HEAD: no such file or directory"}
{"level":"info","ts":1584376216.518274,"logger":"fallback-logger","caller":"bash/main.go:64","msg":"Successfully executed command \"sh -c mkdir -p /workspace/source\"; output "}

Showing logs for build [32mcb-kubecd-environment-pr-183-5-z75sb-1[0m stage [32mfrom-build-pack[0m and container [32mstep-place-tools[0m

Showing logs for build [32mcb-kubecd-environment-pr-183-5-z75sb-1[0m stage [32mfrom-build-pack[0m and container [32mstep-git-source-cb-kubecd-environment-pr-183-5-z75sb-fpdg9[0m
{"level":"warn","ts":1584376223.0036235,"logger":"fallback-logger","caller":"logging/config.go:69","msg":"Fetch GitHub commit ID from kodata failed: \"ref: refs/heads/0.8.0-**-support-backwards-incompats\" is not a valid GitHub commit ID"}
{"level":"info","ts":1584376224.1822653,"logger":"fallback-logger","caller":"git/git.go:103","msg":"Successfully cloned https://github.com/cb-kubecd/environment-pr-183-5-boot-gke-staging.git @ master in path /workspace/source"}

Showing logs for build [32mcb-kubecd-environment-pr-183-5-z75sb-1[0m stage [32mfrom-build-pack[0m and container [32mstep-git-merge[0m
Using SHAs from PULL_REFS=master:018ef3af0850c6620d3b03bd1e641e0c1243f058,1:a1af8e1d53647dfe90d83c1150626a9216b5f731
DEBUG: LC_ALL=C JX_LOG_LEVEL=error git fetch origin --unshallow a1af8e1d53647dfe90d83c1150626a9216b5f731: 018ef3af0850c6620d3b03bd1e641e0c1243f058:
DEBUG: ran git fetch --unshallow origin a1af8e1d53647dfe90d83c1150626a9216b5f731: 018ef3af0850c6620d3b03bd1e641e0c1243f058: in 
DEBUG: LC_ALL=C JX_LOG_LEVEL=error git branch
DEBUG: LC_ALL=C JX_LOG_LEVEL=error git checkout master
DEBUG: ran git checkout master in 
DEBUG: JX_LOG_LEVEL=error LC_ALL=C git reset --hard 018ef3af0850c6620d3b03bd1e641e0c1243f058
DEBUG: ran git reset --hard 018ef3af0850c6620d3b03bd1e641e0c1243f058 in 
DEBUG: LC_ALL=C JX_LOG_LEVEL=error git clean -fd .
DEBUG: ran clean --force -d . in 
DEBUG: LC_ALL=C JX_LOG_LEVEL=error git merge a1af8e1d53647dfe90d83c1150626a9216b5f731
DEBUG: ran git merge a1af8e1d53647dfe90d83c1150626a9216b5f731 in 
DEBUG: LC_ALL=C JX_LOG_LEVEL=error git log --format=%H%x1f%an%x1f%ae%x1f%cn%x1f%ce%x1f%s%n%b%x1e 018ef3af0850c6620d3b03bd1e641e0c1243f058..HEAD
Merged SHA a1af8e1d53647dfe90d83c1150626a9216b5f731 with commit message 'chore: Promote bdd-spring-1584375904 to version 0.0.1' into base branch master

Showing logs for build [32mcb-kubecd-environment-pr-183-5-z75sb-1[0m stage [32mfrom-build-pack[0m and container [32mstep-build-helm-build[0m
WARNING: No $CHART_REPOSITORY defined so using the default value of: http://jenkins-x-chartmuseum:8080
Adding missing Helm repo: storage.googleapis.com https://storage.googleapis.com/chartmuseum.jenkins-x.io
WARNING: No secrets found on "helm/repos" due: reading the secret "helm/repos" from vault: no secret "helm/repos" not found in vault
Read credentials for https://storage.googleapis.com/chartmuseum.jenkins-x.io from vault helm/repos
Successfully added Helm repository storage.googleapis.com.
Adding missing Helm repo: jenkins-x-chartmuseum http://jenkins-x-chartmuseum:8080
WARNING: No secrets found on "helm/repos" due: reading the secret "helm/repos" from vault: no secret "helm/repos" not found in vault
Read credentials for http://jenkins-x-chartmuseum:8080 from vault helm/repos
Successfully added Helm repository jenkins-x-chartmuseum.
WARNING: No $CHART_REPOSITORY defined so using the default value of: http://jenkins-x-chartmuseum:8080
Adding missing Helm repo: chartmuseum.jenkins-x.io http://chartmuseum.jenkins-x.io
WARNING: No secrets found on "helm/repos" due: reading the secret "helm/repos" from vault: no secret "helm/repos" not found in vault
Read credentials for http://chartmuseum.jenkins-x.io from vault helm/repos
Successfully added Helm repository chartmuseum.jenkins-x.io.
